<?xml version="1.0" encoding="UTF-8"?>
<testng-results ignored="0" total="1" passed="0" failed="1" skipped="0">
  <reporter-output>
  </reporter-output>
  <suite started-at="2026-04-27T14:53:46 IST" name="Default suite" finished-at="2026-04-27T14:53:51 IST" duration-ms="5159">
    <groups>
    </groups>
    <test started-at="2026-04-27T14:53:46 IST" name="Default test" finished-at="2026-04-27T14:53:51 IST" duration-ms="5159">
      <class name="tests.EndToEndTest2">
        <test-method is-config="true" signature="setUpReport()[pri:0, instance:tests.EndToEndTest2@3bf7ca37]" started-at="2026-04-27T14:53:45 IST" name="setUpReport" finished-at="2026-04-27T14:53:46 IST" duration-ms="424" status="PASS">
          <reporter-output>
          </reporter-output>
        </test-method> <!-- setUpReport -->
        <test-method is-config="true" signature="initDriver(java.lang.String,java.lang.reflect.Method)[pri:0, instance:tests.EndToEndTest2@3bf7ca37]" started-at="2026-04-27T14:53:46 IST" name="initDriver" finished-at="2026-04-27T14:53:49 IST" duration-ms="3099" status="PASS">
          <params>
            <param index="0">
              <value>
                <![CDATA[]]>
              </value>
            </param>
            <param index="1">
              <value>
                <![CDATA[public void tests.EndToEndTest2.completeTest()]]>
              </value>
            </param>
          </params>
          <reporter-output>
          </reporter-output>
        </test-method> <!-- initDriver -->
        <test-method signature="completeTest()[pri:0, instance:tests.EndToEndTest2@3bf7ca37]" started-at="2026-04-27T14:53:49 IST" name="completeTest" description="Validate complete flow of application till order confirmation page." finished-at="2026-04-27T14:53:51 IST" duration-ms="1718" status="FAIL">
          <exception class="java.lang.AssertionError">
            <message>
              <![CDATA[Cart should contain 2 items expected [2] but found [6]]]>
            </message>
            <full-stacktrace>
              <![CDATA[java.lang.AssertionError: Cart should contain 2 items expected [2] but found [6]
at org.testng.Assert.fail(Assert.java:111)
at org.testng.Assert.failNotEquals(Assert.java:1590)
at org.testng.Assert.assertEqualsImpl(Assert.java:150)
at org.testng.Assert.assertEquals(Assert.java:132)
at org.testng.Assert.assertEquals(Assert.java:1431)
at org.testng.Assert.assertEquals(Assert.java:1395)
at tests.EndToEndTest2.completeTest(EndToEndTest2.java:39)
at java.base/jdk.internal.reflect.DirectMethodHandleAccessor.invoke(DirectMethodHandleAccessor.java:103)
at java.base/java.lang.reflect.Method.invoke(Method.java:580)
at org.testng.internal.invokers.MethodInvocationHelper.invokeMethod(MethodInvocationHelper.java:141)
at org.testng.internal.invokers.TestInvoker.invokeMethod(TestInvoker.java:697)
at org.testng.internal.invokers.TestInvoker.invokeTestMethod(TestInvoker.java:230)
at org.testng.internal.invokers.MethodRunner.runInSequence(MethodRunner.java:63)
at org.testng.internal.invokers.TestInvoker$MethodInvocationAgent.invoke(TestInvoker.java:1005)
at org.testng.internal.invokers.TestInvoker.invokeTestMethods(TestInvoker.java:203)
at org.testng.internal.invokers.TestMethodWorker.invokeTestMethods(TestMethodWorker.java:154)
at org.testng.internal.invokers.TestMethodWorker.run(TestMethodWorker.java:134)
at java.base/java.util.ArrayList.forEach(ArrayList.java:1596)
at org.testng.TestRunner.privateRun(TestRunner.java:744)
at org.testng.TestRunner.run(TestRunner.java:616)
at org.testng.SuiteRunner.runTest(SuiteRunner.java:421)
at org.testng.SuiteRunner.runSequentially(SuiteRunner.java:413)
at org.testng.SuiteRunner.privateRun(SuiteRunner.java:373)
at org.testng.SuiteRunner.run(SuiteRunner.java:312)
at org.testng.SuiteRunnerWorker.runSuite(SuiteRunnerWorker.java:52)
at org.testng.SuiteRunnerWorker.run(SuiteRunnerWorker.java:95)
at org.testng.TestNG.runSuitesSequentially(TestNG.java:1274)
at org.testng.TestNG.runSuitesLocally(TestNG.java:1208)
at org.testng.TestNG.runSuites(TestNG.java:1112)
at org.testng.TestNG.run(TestNG.java:1079)
at org.testng.remote.AbstractRemoteTestNG.run(AbstractRemoteTestNG.java:115)
at org.testng.remote.RemoteTestNG.initAndRun(RemoteTestNG.java:293)
at org.testng.remote.RemoteTestNG.main(RemoteTestNG.java:91)
]]>
            </full-stacktrace>
          </exception> <!-- java.lang.AssertionError -->
          <reporter-output>
          </reporter-output>
        </test-method> <!-- completeTest -->
        <test-method is-config="true" signature="tearDown(org.testng.ITestResult)[pri:0, instance:tests.EndToEndTest2@3bf7ca37]" started-at="2026-04-27T14:53:51 IST" name="tearDown" finished-at="2026-04-27T14:53:51 IST" duration-ms="297" status="PASS">
          <params>
            <param index="0">
              <value>
                <![CDATA[[TestResult name=completeTest status=FAILURE method=EndToEndTest2.completeTest()[pri:0, instance:tests.EndToEndTest2@3bf7ca37] output={null}]]]>
              </value>
            </param>
          </params>
          <reporter-output>
          </reporter-output>
        </test-method> <!-- tearDown -->
        <test-method is-config="true" signature="tearDownReport()[pri:0, instance:tests.EndToEndTest2@3bf7ca37]" started-at="2026-04-27T14:53:51 IST" name="tearDownReport" finished-at="2026-04-27T14:53:51 IST" duration-ms="440" status="PASS">
          <reporter-output>
          </reporter-output>
        </test-method> <!-- tearDownReport -->
      </class> <!-- tests.EndToEndTest2 -->
    </test> <!-- Default test -->
  </suite> <!-- Default suite -->
</testng-results>
